Build started 3/10/2015 3:15:12 AM.
     1>Project "C:\Users\Robert\Documents\Visual Studio 2012\Projects\GamePlayground\GamePlayground\GamePlayground.vcxproj" on node 2 (Build target(s)).
     1>ClCompile:
         C:\Program Files (x86)\Microsoft Visual Studio 11.0\VC\bin\CL.exe /c /I"C:\Users\Robert\Documents\SFML-2.1\include" /ZI /nologo /W3 /WX- /Od /Oy- /D SFML_STATIC /D WIN32 /D _DEBUG /D _WINDOWS /D _UNICODE /D UNICODE /Gm /EHsc /RTC1 /MDd /GS /fp:precise /Zc:wchar_t /Zc:forScope /Fo"Debug\\" /Fd"Debug\vc110.pdb" /Gd /TP /analyze- /errorReport:prompt Physics.cpp
         Physics.cpp
     1>c:\users\robert\documents\visual studio 2012\projects\gameplayground\gameplayground\paddle.h(23): warning C4244: 'return' : conversion from 'const float' to 'int', possible loss of data
     1>c:\users\robert\documents\visual studio 2012\projects\gameplayground\gameplayground\paddle.h(26): warning C4244: 'return' : conversion from 'const float' to 'int', possible loss of data
     1>c:\users\robert\documents\visual studio 2012\projects\gameplayground\gameplayground\paddle.h(30): warning C4244: 'return' : conversion from 'const float' to 'int', possible loss of data
     1>c:\users\robert\documents\visual studio 2012\projects\gameplayground\gameplayground\physics.cpp(19): warning C4244: '=' : conversion from 'int' to 'float', possible loss of data
     1>c:\users\robert\documents\visual studio 2012\projects\gameplayground\gameplayground\physics.cpp(97): warning C4244: '=' : conversion from 'int' to 'float', possible loss of data
     1>c:\users\robert\documents\visual studio 2012\projects\gameplayground\gameplayground\physics.cpp(99): warning C4244: '=' : conversion from 'int' to 'float', possible loss of data
       Link:
         C:\Program Files (x86)\Microsoft Visual Studio 11.0\VC\bin\link.exe /ERRORREPORT:PROMPT /OUT:"C:\Users\Robert\Documents\Visual Studio 2012\Projects\GamePlayground\Debug\GamePlayground.exe" /INCREMENTAL /NOLOGO /LIBPATH:"C:\Users\Robert\Documents\SFML-2.1\lib" "sfml-network-s-d.lib" "sfml-main-d.lib" "sfml-graphics-s-d.lib" "sfml-window-s-d.lib" "sfml-system-s-d.lib" kernel32.lib user32.lib gdi32.lib winspool.lib comdlg32.lib advapi32.lib shell32.lib ole32.lib oleaut32.lib uuid.lib odbc32.lib odbccp32.lib kernel32.lib user32.lib gdi32.lib winspool.lib comdlg32.lib advapi32.lib shell32.lib ole32.lib oleaut32.lib uuid.lib odbc32.lib odbccp32.lib /MANIFEST /MANIFESTUAC:"level='asInvoker' uiAccess='false'" /manifest:embed /DEBUG /PDB:"C:\Users\Robert\Documents\Visual Studio 2012\Projects\GamePlayground\Debug\GamePlayground.pdb" /SUBSYSTEM:CONSOLE /TLBID:1 /DYNAMICBASE /NXCOMPAT /IMPLIB:"C:\Users\Robert\Documents\Visual Studio 2012\Projects\GamePlayground\Debug\GamePlayground.lib" /MACHINE:X86 Debug\Ball.obj
         Debug\GameManager.obj
         Debug\main.obj
         Debug\Paddle.obj
         Debug\Physics.obj
         Debug\Renderer.obj
         Debug\Wall.obj
         GamePlayground.vcxproj -> C:\Users\Robert\Documents\Visual Studio 2012\Projects\GamePlayground\Debug\GamePlayground.exe
     1>Done Building Project "C:\Users\Robert\Documents\Visual Studio 2012\Projects\GamePlayground\GamePlayground\GamePlayground.vcxproj" (Build target(s)).

Build succeeded.

Time Elapsed 00:00:01.55
